<?xml version="1.0" encoding="UTF-8"?>
<testsuite name="FactorialTest" tests="3" skipped="0" failures="0" errors="0" timestamp="2022-04-20T11:07:53" hostname="DESKTOP-CGE80OP" time="0.317">
  <properties/>
  <testcase name="shouldReturnTheFactorialOfTheNumber()" classname="FactorialTest" time="0.304"/>
  <testcase name="shouldReturnOneIfTheNumberIsZero()" classname="FactorialTest" time="0.003"/>
  <testcase name="shouldReturnZeroIfTheNumberIsNegative()" classname="FactorialTest" time="0.002"/>
  <system-out><![CDATA[]]></system-out>
  <system-err><![CDATA[]]></system-err>
</testsuite>
